0 info it worked if it ends with ok
1 verbose cli [ '/Users/pflorian91/.nvm/versions/node/v4.2.4/bin/node',
1 verbose cli   '/Users/pflorian91/.nvm/versions/node/v4.2.4/bin/npm',
1 verbose cli   'run',
1 verbose cli   'gulp',
1 verbose cli   'watch' ]
2 info using npm@2.14.12
3 info using node@v4.2.4
4 verbose run-script [ 'pregulp', 'gulp', 'postgulp' ]
5 info pregulp gulp-babel-config@1.0.0
6 info gulp gulp-babel-config@1.0.0
7 verbose unsafe-perm in lifecycle true
8 info gulp-babel-config@1.0.0 Failed to exec gulp script
9 verbose stack Error: gulp-babel-config@1.0.0 gulp: `gulp "watch"`
9 verbose stack Exit status 1
9 verbose stack     at EventEmitter.<anonymous> (/Users/pflorian91/.nvm/versions/node/v4.2.4/lib/node_modules/npm/lib/utils/lifecycle.js:214:16)
9 verbose stack     at emitTwo (events.js:87:13)
9 verbose stack     at EventEmitter.emit (events.js:172:7)
9 verbose stack     at ChildProcess.<anonymous> (/Users/pflorian91/.nvm/versions/node/v4.2.4/lib/node_modules/npm/lib/utils/spawn.js:24:14)
9 verbose stack     at emitTwo (events.js:87:13)
9 verbose stack     at ChildProcess.emit (events.js:172:7)
9 verbose stack     at maybeClose (internal/child_process.js:818:16)
9 verbose stack     at Process.ChildProcess._handle.onexit (internal/child_process.js:211:5)
10 verbose pkgid gulp-babel-config@1.0.0
11 verbose cwd /Users/pflorian91/Documents/web/repo/js/es-6/symbols-enumerating-own-property-keys
12 error Darwin 15.4.0
13 error argv "/Users/pflorian91/.nvm/versions/node/v4.2.4/bin/node" "/Users/pflorian91/.nvm/versions/node/v4.2.4/bin/npm" "run" "gulp" "watch"
14 error node v4.2.4
15 error npm  v2.14.12
16 error code ELIFECYCLE
17 error gulp-babel-config@1.0.0 gulp: `gulp "watch"`
17 error Exit status 1
18 error Failed at the gulp-babel-config@1.0.0 gulp script 'gulp "watch"'.
18 error This is most likely a problem with the gulp-babel-config package,
18 error not with npm itself.
18 error Tell the author that this fails on your system:
18 error     gulp "watch"
18 error You can get their info via:
18 error     npm owner ls gulp-babel-config
18 error There is likely additional logging output above.
19 verbose exit [ 1, true ]
